<?xml version="1.0" encoding="UTF-8"?>
<testng-results ignored="0" total="1" passed="1" failed="0" skipped="0">
  <reporter-output>
  </reporter-output>
  <suite started-at="2025-09-29T16:33:36 BST" name="Default suite" finished-at="2025-09-29T16:33:38 BST" duration-ms="2560">
    <groups>
    </groups>
    <test started-at="2025-09-29T16:33:36 BST" name="Default test" finished-at="2025-09-29T16:33:38 BST" duration-ms="2560">
      <class name="testScripts.LoginTest">
        <test-method is-config="true" signature="initializeBrowser()[pri:0, instance:testScripts.LoginTest@459e9125]" started-at="2025-09-29T16:33:36 BST" name="initializeBrowser" finished-at="2025-09-29T16:33:37 BST" duration-ms="1613" status="PASS">
          <reporter-output>
          </reporter-output>
        </test-method> <!-- initializeBrowser -->
        <test-method signature="verifyLoginWithInvalidCredentials()[pri:0, instance:testScripts.LoginTest@459e9125]" started-at="2025-09-29T16:33:37 BST" name="verifyLoginWithInvalidCredentials" finished-at="2025-09-29T16:33:38 BST" duration-ms="910" status="PASS">
          <reporter-output>
          </reporter-output>
        </test-method> <!-- verifyLoginWithInvalidCredentials -->
        <test-method is-config="true" signature="driverClose()[pri:0, instance:testScripts.LoginTest@459e9125]" started-at="2025-09-29T16:33:38 BST" name="driverClose" finished-at="2025-09-29T16:33:38 BST" duration-ms="1" status="PASS">
          <reporter-output>
          </reporter-output>
        </test-method> <!-- driverClose -->
      </class> <!-- testScripts.LoginTest -->
    </test> <!-- Default test -->
  </suite> <!-- Default suite -->
</testng-results>
