<?xml version="1.0" encoding="UTF-8"?>
<testng-results ignored="0" total="1" passed="1" failed="0" skipped="0">
  <reporter-output>
  </reporter-output>
  <suite started-at="2025-09-26T16:30:26 BST" name="Default suite" finished-at="2025-09-26T16:30:30 BST" duration-ms="4788">
    <groups>
    </groups>
    <test started-at="2025-09-26T16:30:26 BST" name="Default test" finished-at="2025-09-26T16:30:30 BST" duration-ms="4788">
      <class name="testScripts.LoginTest">
        <test-method is-config="true" signature="initializeBrowser()[pri:0, instance:testScripts.LoginTest@3c19aaa5]" started-at="2025-09-26T16:30:26 BST" name="initializeBrowser" finished-at="2025-09-26T16:30:29 BST" duration-ms="3409" status="PASS">
          <reporter-output>
          </reporter-output>
        </test-method> <!-- initializeBrowser -->
        <test-method signature="verifyLoginWithValidCredentials()[pri:0, instance:testScripts.LoginTest@3c19aaa5]" started-at="2025-09-26T16:30:29 BST" name="verifyLoginWithValidCredentials" finished-at="2025-09-26T16:30:30 BST" duration-ms="1264" status="PASS">
          <reporter-output>
          </reporter-output>
        </test-method> <!-- verifyLoginWithValidCredentials -->
        <test-method is-config="true" signature="driverClose()[pri:0, instance:testScripts.LoginTest@3c19aaa5]" started-at="2025-09-26T16:30:30 BST" name="driverClose" finished-at="2025-09-26T16:30:30 BST" duration-ms="3" status="PASS">
          <reporter-output>
          </reporter-output>
        </test-method> <!-- driverClose -->
      </class> <!-- testScripts.LoginTest -->
    </test> <!-- Default test -->
  </suite> <!-- Default suite -->
</testng-results>
