<?xml version="1.0" encoding="UTF-8"?>
<!-- Generated by org.testng.reporters.JUnitXMLReporter -->
<testsuite ignored="3" hostname="MD" failures="0" tests="1" name="Default test" time="2.56" errors="0" timestamp="2025-09-29T16:33:38 BST">
  <testcase classname="testScripts.LoginTest" name="verifyLoginWithInvalidCredentials" time="0.91"/>
  <testcase classname="testScripts.LoginTest" name="verifyLoginWithValidCredentials" time="0.0">
    <ignored/>
  </testcase> <!-- verifyLoginWithValidCredentials -->
  <testcase classname="testScripts.LoginTest" name="verifyLoginInvalidUserNameValidPassword" time="0.0">
    <ignored/>
  </testcase> <!-- verifyLoginInvalidUserNameValidPassword -->
  <testcase classname="testScripts.LoginTest" name="verifyLoginValidUserNameInvalidPassword" time="0.0">
    <ignored/>
  </testcase> <!-- verifyLoginValidUserNameInvalidPassword -->
</testsuite> <!-- Default test -->
