<?xml version="1.0" encoding="UTF-8"?>
<!-- Generated by org.testng.reporters.JUnitXMLReporter -->
<testsuite ignored="3" hostname="MD" failures="0" tests="1" name="Default test" time="2.372" errors="0" timestamp="2025-09-26T13:26:47 BST">
  <testcase classname="testScripts.LoginTest" name="verifyLoginInvalidUserNameValidPassword" time="0.277"/>
  <testcase classname="testScripts.LoginTest" name="verifyLoginWithValidCredentials" time="0.0">
    <ignored/>
  </testcase> <!-- verifyLoginWithValidCredentials -->
  <testcase classname="testScripts.LoginTest" name="verifyLoginWithInvalidCredentials" time="0.0">
    <ignored/>
  </testcase> <!-- verifyLoginWithInvalidCredentials -->
  <testcase classname="testScripts.LoginTest" name="verifyLoginValidUserNameInvalidPassword" time="0.0">
    <ignored/>
  </testcase> <!-- verifyLoginValidUserNameInvalidPassword -->
</testsuite> <!-- Default test -->
